<?xml version="1.0" encoding="UTF-8"?>
<!-- Generated by org.testng.reporters.JUnitReportReporter -->
<testsuite skipped="0" hostname="DESKTOP-RU7T28A" name="com.TestVagrant.assignment.NewTest" tests="1" failures="0" timestamp="23 Dec 2020 07:31:06 GMT" time="3.228" errors="0">
  <testcase name="Test1" time="3.228" classname="com.TestVagrant.assignment.NewTest"/>
</testsuite> <!-- com.TestVagrant.assignment.NewTest -->
