<?xml version="1.0" encoding="UTF-8"?>
<!-- Generated by org.testng.reporters.JUnitReportReporter -->
<testsuite skipped="0" hostname="DESKTOP-RU7T28A" name="com.TestVagrant.assignment.IntegrationTests" tests="1" failures="0" timestamp="23 Dec 2020 18:33:57 GMT" time="8.602" errors="0">
  <testcase name="temperatureToleranceTest" time="8.602" classname="com.TestVagrant.assignment.IntegrationTests"/>
</testsuite> <!-- com.TestVagrant.assignment.IntegrationTests -->
